This is pdfTeX, Version 3.14159265-2.6-1.40.17 (TeX Live 2016) (preloaded format=pdflatex 2016.5.22)  29 JAN 2017 16:25
entering extended mode
 restricted \write18 enabled.
 %&-line parsing enabled.
**Analysis.tex
(./Analysis.tex
LaTeX2e <2016/03/31>
Babel <3.9r> and hyphenation patterns for 83 language(s) loaded.
(/usr/local/texlive/2016/texmf-dist/tex/latex/base/article.cls
Document Class: article 2014/09/29 v1.4h Standard LaTeX document class
(/usr/local/texlive/2016/texmf-dist/tex/latex/base/size10.clo
File: size10.clo 2014/09/29 v1.4h Standard LaTeX file (size option)
)
\c@part=\count79
\c@section=\count80
\c@subsection=\count81
\c@subsubsection=\count82
\c@paragraph=\count83
\c@subparagraph=\count84
\c@figure=\count85
\c@table=\count86
\abovecaptionskip=\skip41
\belowcaptionskip=\skip42
\bibindent=\dimen102
)
(/usr/local/texlive/2016/texmf-dist/tex/latex/graphics/graphicx.sty
Package: graphicx 2014/10/28 v1.0g Enhanced LaTeX Graphics (DPC,SPQR)

(/usr/local/texlive/2016/texmf-dist/tex/latex/graphics/keyval.sty
Package: keyval 2014/10/28 v1.15 key=value parser (DPC)
\KV@toks@=\toks14
)
(/usr/local/texlive/2016/texmf-dist/tex/latex/graphics/graphics.sty
Package: graphics 2016/05/09 v1.0r Standard LaTeX Graphics (DPC,SPQR)

(/usr/local/texlive/2016/texmf-dist/tex/latex/graphics/trig.sty
Package: trig 2016/01/03 v1.10 sin cos tan (DPC)
)
(/usr/local/texlive/2016/texmf-dist/tex/latex/graphics-cfg/graphics.cfg
File: graphics.cfg 2016/01/02 v1.10 sample graphics configuration
)
Package graphics Info: Driver file: pdftex.def on input line 96.

(/usr/local/texlive/2016/texmf-dist/tex/latex/pdftex-def/pdftex.def
File: pdftex.def 2011/05/27 v0.06d Graphics/color for pdfTeX

(/usr/local/texlive/2016/texmf-dist/tex/generic/oberdiek/infwarerr.sty
Package: infwarerr 2016/05/16 v1.4 Providing info/warning/error messages (HO)
)
(/usr/local/texlive/2016/texmf-dist/tex/generic/oberdiek/ltxcmds.sty
Package: ltxcmds 2016/05/16 v1.23 LaTeX kernel commands for general use (HO)
)
\Gread@gobject=\count87
))
\Gin@req@height=\dimen103
\Gin@req@width=\dimen104
)
(/usr/local/texlive/2016/texmf-dist/tex/latex/graphics/color.sty
Package: color 2016/05/09 v1.1c Standard LaTeX Color (DPC)

(/usr/local/texlive/2016/texmf-dist/tex/latex/graphics-cfg/color.cfg
File: color.cfg 2016/01/02 v1.6 sample color configuration
)
Package color Info: Driver file: pdftex.def on input line 144.
)
(/usr/local/texlive/2016/texmf-dist/tex/latex/framed/framed.sty
Package: framed 2011/10/22 v 0.96: framed or shaded text with page breaks
\OuterFrameSep=\skip43
\fb@frw=\dimen105
\fb@frh=\dimen106
\FrameRule=\dimen107
\FrameSep=\dimen108
)
(/usr/local/texlive/2016/texmf-dist/tex/latex/base/alltt.sty
Package: alltt 1997/06/16 v2.0g defines alltt environment
)
(/usr/local/texlive/2016/texmf-dist/tex/latex/float/float.sty
Package: float 2001/11/08 v1.3d Float enhancements (AL)
\c@float@type=\count88
\float@exts=\toks15
\float@box=\box26
\@float@everytoks=\toks16
\@floatcapt=\box27
)
(/usr/local/texlive/2016/texmf-dist/tex/latex/amsmath/amsmath.sty
Package: amsmath 2016/03/10 v2.15b AMS math features
\@mathmargin=\skip44

For additional information on amsmath, use the `?' option.
(/usr/local/texlive/2016/texmf-dist/tex/latex/amsmath/amstext.sty
Package: amstext 2000/06/29 v2.01 AMS text

(/usr/local/texlive/2016/texmf-dist/tex/latex/amsmath/amsgen.sty
File: amsgen.sty 1999/11/30 v2.0 generic functions
\@emptytoks=\toks17
\ex@=\dimen109
))
(/usr/local/texlive/2016/texmf-dist/tex/latex/amsmath/amsbsy.sty
Package: amsbsy 1999/11/29 v1.2d Bold Symbols
\pmbraise@=\dimen110
)
(/usr/local/texlive/2016/texmf-dist/tex/latex/amsmath/amsopn.sty
Package: amsopn 2016/03/08 v2.02 operator names
)
\inf@bad=\count89
LaTeX Info: Redefining \frac on input line 199.
\uproot@=\count90
\leftroot@=\count91
LaTeX Info: Redefining \overline on input line 297.
\classnum@=\count92
\DOTSCASE@=\count93
LaTeX Info: Redefining \ldots on input line 394.
LaTeX Info: Redefining \dots on input line 397.
LaTeX Info: Redefining \cdots on input line 518.
\Mathstrutbox@=\box28
\strutbox@=\box29
\big@size=\dimen111
LaTeX Font Info:    Redeclaring font encoding OML on input line 634.
LaTeX Font Info:    Redeclaring font encoding OMS on input line 635.
\macc@depth=\count94
\c@MaxMatrixCols=\count95
\dotsspace@=\muskip10
\c@parentequation=\count96
\dspbrk@lvl=\count97
\tag@help=\toks18
\row@=\count98
\column@=\count99
\maxfields@=\count100
\andhelp@=\toks19
\eqnshift@=\dimen112
\alignsep@=\dimen113
\tagshift@=\dimen114
\tagwidth@=\dimen115
\totwidth@=\dimen116
\lineht@=\dimen117
\@envbody=\toks20
\multlinegap=\skip45
\multlinetaggap=\skip46
\mathdisplay@stack=\toks21
LaTeX Info: Redefining \[ on input line 2739.
LaTeX Info: Redefining \] on input line 2740.
)
(/usr/local/texlive/2016/texmf-dist/tex/latex/geometry/geometry.sty
Package: geometry 2010/09/12 v5.6 Page Geometry

(/usr/local/texlive/2016/texmf-dist/tex/generic/oberdiek/ifpdf.sty
Package: ifpdf 2016/05/14 v3.1 Provides the ifpdf switch
)
(/usr/local/texlive/2016/texmf-dist/tex/generic/oberdiek/ifvtex.sty
Package: ifvtex 2016/05/16 v1.6 Detect VTeX and its facilities (HO)
Package ifvtex Info: VTeX not detected.
)
(/usr/local/texlive/2016/texmf-dist/tex/generic/ifxetex/ifxetex.sty
Package: ifxetex 2010/09/12 v0.6 Provides ifxetex conditional
)
\Gm@cnth=\count101
\Gm@cntv=\count102
\c@Gm@tempcnt=\count103
\Gm@bindingoffset=\dimen118
\Gm@wd@mp=\dimen119
\Gm@odd@mp=\dimen120
\Gm@even@mp=\dimen121
\Gm@layoutwidth=\dimen122
\Gm@layoutheight=\dimen123
\Gm@layouthoffset=\dimen124
\Gm@layoutvoffset=\dimen125
\Gm@dimlist=\toks22
)
(/usr/local/texlive/2016/texmf-dist/tex/latex/rotating/rotating.sty
Package: rotating 2009/03/28 v2.16a rotated objects in LaTeX

(/usr/local/texlive/2016/texmf-dist/tex/latex/base/ifthen.sty
Package: ifthen 2014/09/29 v1.1c Standard LaTeX ifthen package (DPC)
)
\c@r@tfl@t=\count104
\rotFPtop=\skip47
\rotFPbot=\skip48
\rot@float@box=\box30
\rot@mess@toks=\toks23
)
(/usr/local/texlive/2016/texmf-dist/tex/latex/upquote/upquote.sty
Package: upquote 2012/04/19 v1.3 upright-quote and grave-accent glyphs in verba
tim
)
(./Analysis.aux)
\openout1 = `Analysis.aux'.

LaTeX Font Info:    Checking defaults for OML/cmm/m/it on input line 62.
LaTeX Font Info:    ... okay on input line 62.
LaTeX Font Info:    Checking defaults for T1/cmr/m/n on input line 62.
LaTeX Font Info:    ... okay on input line 62.
LaTeX Font Info:    Checking defaults for OT1/cmr/m/n on input line 62.
LaTeX Font Info:    ... okay on input line 62.
LaTeX Font Info:    Checking defaults for OMS/cmsy/m/n on input line 62.
LaTeX Font Info:    ... okay on input line 62.
LaTeX Font Info:    Checking defaults for OMX/cmex/m/n on input line 62.
LaTeX Font Info:    ... okay on input line 62.
LaTeX Font Info:    Checking defaults for U/cmr/m/n on input line 62.
LaTeX Font Info:    ... okay on input line 62.

(/usr/local/texlive/2016/texmf-dist/tex/context/base/mkii/supp-pdf.mkii
[Loading MPS to PDF converter (version 2006.09.02).]
\scratchcounter=\count105
\scratchdimen=\dimen126
\scratchbox=\box31
\nofMPsegments=\count106
\nofMParguments=\count107
\everyMPshowfont=\toks24
\MPscratchCnt=\count108
\MPscratchDim=\dimen127
\MPnumerator=\count109
\makeMPintoPDFobject=\count110
\everyMPtoPDFconversion=\toks25
) (/usr/local/texlive/2016/texmf-dist/tex/generic/oberdiek/pdftexcmds.sty
Package: pdftexcmds 2016/05/10 v0.21 Utility functions of pdfTeX for LuaTeX (HO
)

(/usr/local/texlive/2016/texmf-dist/tex/generic/oberdiek/ifluatex.sty
Package: ifluatex 2016/05/16 v1.4 Provides the ifluatex switch (HO)
Package ifluatex Info: LuaTeX not detected.
)
Package pdftexcmds Info: LuaTeX not detected.
Package pdftexcmds Info: \pdf@primitive is available.
Package pdftexcmds Info: \pdf@ifprimitive is available.
Package pdftexcmds Info: \pdfdraftmode found.
)
(/usr/local/texlive/2016/texmf-dist/tex/latex/oberdiek/epstopdf-base.sty
Package: epstopdf-base 2016/05/15 v2.6 Base part for package epstopdf

(/usr/local/texlive/2016/texmf-dist/tex/latex/oberdiek/grfext.sty
Package: grfext 2016/05/16 v1.2 Manage graphics extensions (HO)

(/usr/local/texlive/2016/texmf-dist/tex/generic/oberdiek/kvdefinekeys.sty
Package: kvdefinekeys 2016/05/16 v1.4 Define keys (HO)
))
(/usr/local/texlive/2016/texmf-dist/tex/latex/oberdiek/kvoptions.sty
Package: kvoptions 2016/05/16 v3.12 Key value format for package options (HO)

(/usr/local/texlive/2016/texmf-dist/tex/generic/oberdiek/kvsetkeys.sty
Package: kvsetkeys 2016/05/16 v1.17 Key value parser (HO)

(/usr/local/texlive/2016/texmf-dist/tex/generic/oberdiek/etexcmds.sty
Package: etexcmds 2016/05/16 v1.6 Avoid name clashes with e-TeX commands (HO)
Package etexcmds Info: Could not find \expanded.
(etexcmds)             That can mean that you are not using pdfTeX 1.50 or
(etexcmds)             that some package has redefined \expanded.
(etexcmds)             In the latter case, load this package earlier.
)))
Package grfext Info: Graphics extension search list:
(grfext)             [.png,.pdf,.jpg,.mps,.jpeg,.jbig2,.jb2,.PNG,.PDF,.JPG,.JPE
G,.JBIG2,.JB2,.eps]
(grfext)             \AppendGraphicsExtensions on input line 456.

(/usr/local/texlive/2016/texmf-dist/tex/latex/latexconfig/epstopdf-sys.cfg
File: epstopdf-sys.cfg 2010/07/13 v1.3 Configuration of (r)epstopdf for TeX Liv
e
))
*geometry* driver: auto-detecting
*geometry* detected driver: pdftex
*geometry* verbose mode - [ preamble ] result:
* driver: pdftex
* paper: <default>
* layout: <same size as paper>
* layoutoffset:(h,v)=(0.0pt,0.0pt)
* modes: 
* h-part:(L,W,R)=(36.135pt, 542.02501pt, 36.135pt)
* v-part:(T,H,B)=(72.26999pt, 614.295pt, 108.405pt)
* \paperwidth=614.295pt
* \paperheight=794.96999pt
* \textwidth=542.02501pt
* \textheight=614.295pt
* \oddsidemargin=-36.135pt
* \evensidemargin=-36.135pt
* \topmargin=-37.0pt
* \headheight=12.0pt
* \headsep=25.0pt
* \topskip=10.0pt
* \footskip=30.0pt
* \marginparwidth=65.0pt
* \marginparsep=11.0pt
* \columnsep=10.0pt
* \skip\footins=9.0pt plus 4.0pt minus 2.0pt
* \hoffset=0.0pt
* \voffset=0.0pt
* \mag=1000
* \@twocolumnfalse
* \@twosidefalse
* \@mparswitchfalse
* \@reversemarginfalse
* (1in=72.27pt=25.4mm, 1cm=28.453pt)

(./Analysis.toc)
\tf@toc=\write3
\openout3 = `Analysis.toc'.

 [1

{/usr/local/texlive/2016/texmf-var/fonts/map/pdftex/updmap/pdftex.map}] [2] [3]
 [4] [5]
Overfull \hbox (19.39284pt too wide) in paragraph at lines 247--248
 [][] 
 []


Overfull \hbox (1.89265pt too wide) in paragraph at lines 263--264
 [][] 
 []

[6]
Overfull \hbox (17.61497pt too wide) in paragraph at lines 314--315
 [][] 
 []

[7]
Missing character: There is no â in font cmr10!
Missing character: There is no € in font cmr10!
Missing character: There is no ™ in font cmr10!

Overfull \hbox (18.08719pt too wide) in paragraph at lines 360--361
 [][] 
 []

[8]
Overfull \hbox (16.19847pt too wide) in paragraph at lines 415--416
 [][] 
 []

[9] [10] [11] [12] [13]

LaTeX Warning: Float too large for page by 90.49385pt on input line 824.

[14] <figure/unnamed-chunk-18-1.pdf, id=54, 505.89pt x 505.89pt>
File: figure/unnamed-chunk-18-1.pdf Graphic file (type pdf)

<use figure/unnamed-chunk-18-1.pdf>
Package pdftex.def Info: figure/unnamed-chunk-18-1.pdf used on input line 832.
(pdftex.def)             Requested size: 505.88875pt x 505.89645pt.

! Missing $ inserted.
<inserted text> 
                $
l.835 
      
I've inserted a begin-math/end-math symbol since I think
you left one out. Proceed, with fingers crossed.


Overfull \hbox (115.09447pt too wide) in paragraph at lines 832--835
[] $\OML/cmm/m/it/10 rowInd\OT1/cmr/m/n/10 [1]123456789101112131415$ 
 []


Overfull \vbox (316.92438pt too high) has occurred while \output is active []


[15 <./figure/unnamed-chunk-18-1.pdf>]
! Missing $ inserted.
<inserted text> 
                $
l.838 
      
I've inserted a begin-math/end-math symbol since I think
you left one out. Proceed, with fingers crossed.

! Missing $ inserted.
<inserted text> 
                $
l.841 
      
I've inserted a begin-math/end-math symbol since I think
you left one out. Proceed, with fingers crossed.

! Missing $ inserted.
<inserted text> 
                $
l.844 
      
I've inserted a begin-math/end-math symbol since I think
you left one out. Proceed, with fingers crossed.

<figure/unnamed-chunk-18-2.pdf, id=63, 505.89pt x 505.89pt>
File: figure/unnamed-chunk-18-2.pdf Graphic file (type pdf)

<use figure/unnamed-chunk-18-2.pdf>
Package pdftex.def Info: figure/unnamed-chunk-18-2.pdf used on input line 846.
(pdftex.def)             Requested size: 505.88875pt x 505.89645pt.

! Missing $ inserted.
<inserted text> 
                $
l.849 
      
I've inserted a begin-math/end-math symbol since I think
you left one out. Proceed, with fingers crossed.


Overfull \hbox (130.09447pt too wide) in paragraph at lines 846--849
[][] $\OML/cmm/m/it/10 rowInd\OT1/cmr/m/n/10 [1]123456789101112131415$ 
 []

[16]
! Missing $ inserted.
<inserted text> 
                $
l.852 
      
I've inserted a begin-math/end-math symbol since I think
you left one out. Proceed, with fingers crossed.

! Missing $ inserted.
<inserted text> 
                $
l.855 
      
I've inserted a begin-math/end-math symbol since I think
you left one out. Proceed, with fingers crossed.

! Missing $ inserted.
<inserted text> 
                $
l.858 
      
I've inserted a begin-math/end-math symbol since I think
you left one out. Proceed, with fingers crossed.

<figure/unnamed-chunk-18-3.pdf, id=67, 505.89pt x 505.89pt>
File: figure/unnamed-chunk-18-3.pdf Graphic file (type pdf)

<use figure/unnamed-chunk-18-3.pdf>
Package pdftex.def Info: figure/unnamed-chunk-18-3.pdf used on input line 860.
(pdftex.def)             Requested size: 505.88875pt x 505.89645pt.

! Missing $ inserted.
<inserted text> 
                $
l.863 
      
I've inserted a begin-math/end-math symbol since I think
you left one out. Proceed, with fingers crossed.


Overfull \hbox (130.09447pt too wide) in paragraph at lines 860--863
[][] $\OML/cmm/m/it/10 rowInd\OT1/cmr/m/n/10 [1]123456789101112131415$ 
 []

[17 <./figure/unnamed-chunk-18-2.pdf>]
! Missing $ inserted.
<inserted text> 
                $
l.866 
      
I've inserted a begin-math/end-math symbol since I think
you left one out. Proceed, with fingers crossed.

! Missing $ inserted.
<inserted text> 
                $
l.869 
      
I've inserted a begin-math/end-math symbol since I think
you left one out. Proceed, with fingers crossed.

! Missing $ inserted.
<inserted text> 
                $
l.872 
      
I've inserted a begin-math/end-math symbol since I think
you left one out. Proceed, with fingers crossed.

<figure/unnamed-chunk-18-4.pdf, id=76, 505.89pt x 505.89pt>
File: figure/unnamed-chunk-18-4.pdf Graphic file (type pdf)

<use figure/unnamed-chunk-18-4.pdf>
Package pdftex.def Info: figure/unnamed-chunk-18-4.pdf used on input line 874.
(pdftex.def)             Requested size: 505.88875pt x 505.89645pt.

! Missing $ inserted.
<inserted text> 
                $
l.877 
      
I've inserted a begin-math/end-math symbol since I think
you left one out. Proceed, with fingers crossed.


Overfull \hbox (130.09447pt too wide) in paragraph at lines 874--877
[][] $\OML/cmm/m/it/10 rowInd\OT1/cmr/m/n/10 [1]123456789101112131415$ 
 []

[18 <./figure/unnamed-chunk-18-3.pdf>]
! Missing $ inserted.
<inserted text> 
                $
l.880 
      
I've inserted a begin-math/end-math symbol since I think
you left one out. Proceed, with fingers crossed.

! Missing $ inserted.
<inserted text> 
                $
l.883 
      
I've inserted a begin-math/end-math symbol since I think
you left one out. Proceed, with fingers crossed.

! Missing $ inserted.
<inserted text> 
                $
l.886 
      
I've inserted a begin-math/end-math symbol since I think
you left one out. Proceed, with fingers crossed.

<figure/unnamed-chunk-18-5.pdf, id=85, 505.89pt x 505.89pt>
File: figure/unnamed-chunk-18-5.pdf Graphic file (type pdf)

<use figure/unnamed-chunk-18-5.pdf>
Package pdftex.def Info: figure/unnamed-chunk-18-5.pdf used on input line 888.
(pdftex.def)             Requested size: 505.88875pt x 505.89645pt.

! Missing $ inserted.
<inserted text> 
                $
l.891 
      
I've inserted a begin-math/end-math symbol since I think
you left one out. Proceed, with fingers crossed.


Overfull \hbox (130.09447pt too wide) in paragraph at lines 888--891
[][] $\OML/cmm/m/it/10 rowInd\OT1/cmr/m/n/10 [1]123456789101112131415$ 
 []

[19 <./figure/unnamed-chunk-18-4.pdf>]
! Missing $ inserted.
<inserted text> 
                $
l.894 
      
I've inserted a begin-math/end-math symbol since I think
you left one out. Proceed, with fingers crossed.

! Missing $ inserted.
<inserted text> 
                $
l.897 
      
I've inserted a begin-math/end-math symbol since I think
you left one out. Proceed, with fingers crossed.

! Missing $ inserted.
<inserted text> 
                $
l.900 
      
I've inserted a begin-math/end-math symbol since I think
you left one out. Proceed, with fingers crossed.

<figure/unnamed-chunk-18-6.pdf, id=95, 505.89pt x 505.89pt>
File: figure/unnamed-chunk-18-6.pdf Graphic file (type pdf)

<use figure/unnamed-chunk-18-6.pdf>
Package pdftex.def Info: figure/unnamed-chunk-18-6.pdf used on input line 902.
(pdftex.def)             Requested size: 505.88875pt x 505.89645pt.

! Missing $ inserted.
<inserted text> 
                $
l.905 
      
I've inserted a begin-math/end-math symbol since I think
you left one out. Proceed, with fingers crossed.


Overfull \hbox (130.09447pt too wide) in paragraph at lines 902--905
[][] $\OML/cmm/m/it/10 rowInd\OT1/cmr/m/n/10 [1]123456789101112131415$ 
 []

[20 <./figure/unnamed-chunk-18-5.pdf>]
! Missing $ inserted.
<inserted text> 
                $
l.908 
      
I've inserted a begin-math/end-math symbol since I think
you left one out. Proceed, with fingers crossed.

! Missing $ inserted.
<inserted text> 
                $
l.911 
      
I've inserted a begin-math/end-math symbol since I think
you left one out. Proceed, with fingers crossed.

! Missing $ inserted.
<inserted text> 
                $
l.914 
      
I've inserted a begin-math/end-math symbol since I think
you left one out. Proceed, with fingers crossed.

<figure/unnamed-chunk-18-7.pdf, id=104, 505.89pt x 505.89pt>
File: figure/unnamed-chunk-18-7.pdf Graphic file (type pdf)

<use figure/unnamed-chunk-18-7.pdf>
Package pdftex.def Info: figure/unnamed-chunk-18-7.pdf used on input line 916.
(pdftex.def)             Requested size: 505.88875pt x 505.89645pt.

! Missing $ inserted.
<inserted text> 
                $
l.919 
      
I've inserted a begin-math/end-math symbol since I think
you left one out. Proceed, with fingers crossed.


Overfull \hbox (130.09447pt too wide) in paragraph at lines 916--919
[][] $\OML/cmm/m/it/10 rowInd\OT1/cmr/m/n/10 [1]123456789101112131415$ 
 []

[21 <./figure/unnamed-chunk-18-6.pdf>]
! Missing $ inserted.
<inserted text> 
                $
l.922 
      
I've inserted a begin-math/end-math symbol since I think
you left one out. Proceed, with fingers crossed.

! Missing $ inserted.
<inserted text> 
                $
l.925 
      
I've inserted a begin-math/end-math symbol since I think
you left one out. Proceed, with fingers crossed.

! Missing $ inserted.
<inserted text> 
                $
l.928 
      
I've inserted a begin-math/end-math symbol since I think
you left one out. Proceed, with fingers crossed.

<figure/unnamed-chunk-18-8.pdf, id=113, 505.89pt x 505.89pt>
File: figure/unnamed-chunk-18-8.pdf Graphic file (type pdf)

<use figure/unnamed-chunk-18-8.pdf>
Package pdftex.def Info: figure/unnamed-chunk-18-8.pdf used on input line 930.
(pdftex.def)             Requested size: 505.88875pt x 505.89645pt.

! Missing $ inserted.
<inserted text> 
                $
l.933 
      
I've inserted a begin-math/end-math symbol since I think
you left one out. Proceed, with fingers crossed.


Overfull \hbox (130.09447pt too wide) in paragraph at lines 930--933
[][] $\OML/cmm/m/it/10 rowInd\OT1/cmr/m/n/10 [1]123456789101112131415$ 
 []

[22 <./figure/unnamed-chunk-18-7.pdf>]
! Missing $ inserted.
<inserted text> 
                $
l.936 
      
I've inserted a begin-math/end-math symbol since I think
you left one out. Proceed, with fingers crossed.

! Missing $ inserted.
<inserted text> 
                $
l.939 
      
I've inserted a begin-math/end-math symbol since I think
you left one out. Proceed, with fingers crossed.

! Missing $ inserted.
<inserted text> 
                $
l.942 
      
I've inserted a begin-math/end-math symbol since I think
you left one out. Proceed, with fingers crossed.

<figure/unnamed-chunk-18-9.pdf, id=122, 505.89pt x 505.89pt>
File: figure/unnamed-chunk-18-9.pdf Graphic file (type pdf)

<use figure/unnamed-chunk-18-9.pdf>
Package pdftex.def Info: figure/unnamed-chunk-18-9.pdf used on input line 944.
(pdftex.def)             Requested size: 505.88875pt x 505.89645pt.

! Missing $ inserted.
<inserted text> 
                $
l.947 
      
I've inserted a begin-math/end-math symbol since I think
you left one out. Proceed, with fingers crossed.


Overfull \hbox (130.09447pt too wide) in paragraph at lines 944--947
[][] $\OML/cmm/m/it/10 rowInd\OT1/cmr/m/n/10 [1]123456789101112131415$ 
 []

[23 <./figure/unnamed-chunk-18-8.pdf>]
! Missing $ inserted.
<inserted text> 
                $
l.950 
      
I've inserted a begin-math/end-math symbol since I think
you left one out. Proceed, with fingers crossed.

! Missing $ inserted.
<inserted text> 
                $
l.953 
      
I've inserted a begin-math/end-math symbol since I think
you left one out. Proceed, with fingers crossed.

! Missing $ inserted.
<inserted text> 
                $
l.956 
      
I've inserted a begin-math/end-math symbol since I think
you left one out. Proceed, with fingers crossed.

<figure/unnamed-chunk-18-10.pdf, id=131, 505.89pt x 505.89pt>
File: figure/unnamed-chunk-18-10.pdf Graphic file (type pdf)

<use figure/unnamed-chunk-18-10.pdf>
Package pdftex.def Info: figure/unnamed-chunk-18-10.pdf used on input line 958.

(pdftex.def)             Requested size: 505.88875pt x 505.89645pt.

! Missing $ inserted.
<inserted text> 
                $
l.961 
      
I've inserted a begin-math/end-math symbol since I think
you left one out. Proceed, with fingers crossed.


Overfull \hbox (130.09447pt too wide) in paragraph at lines 958--961
[][] $\OML/cmm/m/it/10 rowInd\OT1/cmr/m/n/10 [1]123456789101112131415$ 
 []

[24 <./figure/unnamed-chunk-18-9.pdf>]
! Missing $ inserted.
<inserted text> 
                $
l.964 
      
I've inserted a begin-math/end-math symbol since I think
you left one out. Proceed, with fingers crossed.

! Missing $ inserted.
<inserted text> 
                $
l.967 
      
I've inserted a begin-math/end-math symbol since I think
you left one out. Proceed, with fingers crossed.

! Missing $ inserted.
<inserted text> 
                $
l.970 
      
I've inserted a begin-math/end-math symbol since I think
you left one out. Proceed, with fingers crossed.

<figure/unnamed-chunk-18-11.pdf, id=140, 505.89pt x 505.89pt>
File: figure/unnamed-chunk-18-11.pdf Graphic file (type pdf)

<use figure/unnamed-chunk-18-11.pdf>
Package pdftex.def Info: figure/unnamed-chunk-18-11.pdf used on input line 972.

(pdftex.def)             Requested size: 505.88875pt x 505.89645pt.

! Missing $ inserted.
<inserted text> 
                $
l.975 
      
I've inserted a begin-math/end-math symbol since I think
you left one out. Proceed, with fingers crossed.


Overfull \hbox (35.09418pt too wide) in paragraph at lines 972--975
[][] $\OML/cmm/m/it/10 rowInd\OT1/cmr/m/n/10 [1]12$ 
 []

[25 <./figure/unnamed-chunk-18-10.pdf>]
! Missing $ inserted.
<inserted text> 
                $
l.978 
      
I've inserted a begin-math/end-math symbol since I think
you left one out. Proceed, with fingers crossed.

! Missing $ inserted.
<inserted text> 
                $
l.981 
      
I've inserted a begin-math/end-math symbol since I think
you left one out. Proceed, with fingers crossed.

! Missing $ inserted.
<inserted text> 
                $
l.984 
      
I've inserted a begin-math/end-math symbol since I think
you left one out. Proceed, with fingers crossed.

<figure/unnamed-chunk-18-12.pdf, id=150, 505.89pt x 505.89pt>
File: figure/unnamed-chunk-18-12.pdf Graphic file (type pdf)

<use figure/unnamed-chunk-18-12.pdf>
Package pdftex.def Info: figure/unnamed-chunk-18-12.pdf used on input line 986.

(pdftex.def)             Requested size: 505.88875pt x 505.89645pt.

! Missing $ inserted.
<inserted text> 
                $
l.989 
      
I've inserted a begin-math/end-math symbol since I think
you left one out. Proceed, with fingers crossed.


Overfull \hbox (35.09418pt too wide) in paragraph at lines 986--989
[][] $\OML/cmm/m/it/10 rowInd\OT1/cmr/m/n/10 [1]12$ 
 []

[26 <./figure/unnamed-chunk-18-11.pdf>]
! Missing $ inserted.
<inserted text> 
                $
l.992 
      
I've inserted a begin-math/end-math symbol since I think
you left one out. Proceed, with fingers crossed.

! Missing $ inserted.
<inserted text> 
                $
l.995 
      
I've inserted a begin-math/end-math symbol since I think
you left one out. Proceed, with fingers crossed.

! Missing $ inserted.
<inserted text> 
                $
l.998 
      
I've inserted a begin-math/end-math symbol since I think
you left one out. Proceed, with fingers crossed.

<figure/unnamed-chunk-18-13.pdf, id=159, 505.89pt x 505.89pt>
File: figure/unnamed-chunk-18-13.pdf Graphic file (type pdf)

<use figure/unnamed-chunk-18-13.pdf>
Package pdftex.def Info: figure/unnamed-chunk-18-13.pdf used on input line 1000
.
(pdftex.def)             Requested size: 505.88875pt x 505.89645pt.

! Missing $ inserted.
<inserted text> 
                $
l.1003 
       
I've inserted a begin-math/end-math symbol since I think
you left one out. Proceed, with fingers crossed.


Overfull \hbox (35.09418pt too wide) in paragraph at lines 1000--1003
[][] $\OML/cmm/m/it/10 rowInd\OT1/cmr/m/n/10 [1]12$ 
 []

[27 <./figure/unnamed-chunk-18-12.pdf>]
! Missing $ inserted.
<inserted text> 
                $
l.1006 
       
I've inserted a begin-math/end-math symbol since I think
you left one out. Proceed, with fingers crossed.

! Missing $ inserted.
<inserted text> 
                $
l.1009 
       
I've inserted a begin-math/end-math symbol since I think
you left one out. Proceed, with fingers crossed.

! Missing $ inserted.
<inserted text> 
                $
l.1012 
       
I've inserted a begin-math/end-math symbol since I think
you left one out. Proceed, with fingers crossed.

<figure/unnamed-chunk-18-14.pdf, id=169, 505.89pt x 505.89pt>
File: figure/unnamed-chunk-18-14.pdf Graphic file (type pdf)

<use figure/unnamed-chunk-18-14.pdf>
Package pdftex.def Info: figure/unnamed-chunk-18-14.pdf used on input line 1014
.
(pdftex.def)             Requested size: 505.88875pt x 505.89645pt.

! Missing $ inserted.
<inserted text> 
                $
l.1017 
       
I've inserted a begin-math/end-math symbol since I think
you left one out. Proceed, with fingers crossed.


Overfull \hbox (35.09418pt too wide) in paragraph at lines 1014--1017
[][] $\OML/cmm/m/it/10 rowInd\OT1/cmr/m/n/10 [1]12$ 
 []

[28 <./figure/unnamed-chunk-18-13.pdf>]
! Missing $ inserted.
<inserted text> 
                $
l.1020 
       
I've inserted a begin-math/end-math symbol since I think
you left one out. Proceed, with fingers crossed.

! Missing $ inserted.
<inserted text> 
                $
l.1023 
       
I've inserted a begin-math/end-math symbol since I think
you left one out. Proceed, with fingers crossed.

! Missing $ inserted.
<inserted text> 
                $
l.1026 
       
I've inserted a begin-math/end-math symbol since I think
you left one out. Proceed, with fingers crossed.

<figure/unnamed-chunk-18-15.pdf, id=178, 505.89pt x 505.89pt>
File: figure/unnamed-chunk-18-15.pdf Graphic file (type pdf)

<use figure/unnamed-chunk-18-15.pdf>
Package pdftex.def Info: figure/unnamed-chunk-18-15.pdf used on input line 1028
.
(pdftex.def)             Requested size: 505.88875pt x 505.89645pt.

! Missing $ inserted.
<inserted text> 
                $
l.1031 
       
I've inserted a begin-math/end-math symbol since I think
you left one out. Proceed, with fingers crossed.


Overfull \hbox (35.09418pt too wide) in paragraph at lines 1028--1031
[][] $\OML/cmm/m/it/10 rowInd\OT1/cmr/m/n/10 [1]12$ 
 []

[29 <./figure/unnamed-chunk-18-14.pdf>]
! Missing $ inserted.
<inserted text> 
                $
l.1034 
       
I've inserted a begin-math/end-math symbol since I think
you left one out. Proceed, with fingers crossed.

! Missing $ inserted.
<inserted text> 
                $
l.1037 
       
I've inserted a begin-math/end-math symbol since I think
you left one out. Proceed, with fingers crossed.

! Missing $ inserted.
<inserted text> 
                $
l.1040 
       
I've inserted a begin-math/end-math symbol since I think
you left one out. Proceed, with fingers crossed.

<figure/unnamed-chunk-18-16.pdf, id=187, 505.89pt x 505.89pt>
File: figure/unnamed-chunk-18-16.pdf Graphic file (type pdf)

<use figure/unnamed-chunk-18-16.pdf>
Package pdftex.def Info: figure/unnamed-chunk-18-16.pdf used on input line 1042
.
(pdftex.def)             Requested size: 505.88875pt x 505.89645pt.

! Missing $ inserted.
<inserted text> 
                $
l.1045 
       
I've inserted a begin-math/end-math symbol since I think
you left one out. Proceed, with fingers crossed.


Overfull \hbox (35.09418pt too wide) in paragraph at lines 1042--1045
[][] $\OML/cmm/m/it/10 rowInd\OT1/cmr/m/n/10 [1]12$ 
 []

[30 <./figure/unnamed-chunk-18-15.pdf>]
! Missing $ inserted.
<inserted text> 
                $
l.1048 
       
I've inserted a begin-math/end-math symbol since I think
you left one out. Proceed, with fingers crossed.

! Missing $ inserted.
<inserted text> 
                $
l.1051 
       
I've inserted a begin-math/end-math symbol since I think
you left one out. Proceed, with fingers crossed.

! Missing $ inserted.
<inserted text> 
                $
l.1054 
       
I've inserted a begin-math/end-math symbol since I think
you left one out. Proceed, with fingers crossed.

<figure/unnamed-chunk-18-17.pdf, id=196, 505.89pt x 505.89pt>
File: figure/unnamed-chunk-18-17.pdf Graphic file (type pdf)

<use figure/unnamed-chunk-18-17.pdf>
Package pdftex.def Info: figure/unnamed-chunk-18-17.pdf used on input line 1056
.
(pdftex.def)             Requested size: 505.88875pt x 505.89645pt.

! Missing $ inserted.
<inserted text> 
                $
l.1059 
       
I've inserted a begin-math/end-math symbol since I think
you left one out. Proceed, with fingers crossed.


Overfull \hbox (35.09418pt too wide) in paragraph at lines 1056--1059
[][] $\OML/cmm/m/it/10 rowInd\OT1/cmr/m/n/10 [1]12$ 
 []

[31 <./figure/unnamed-chunk-18-16.pdf>]
! Missing $ inserted.
<inserted text> 
                $
l.1062 
       
I've inserted a begin-math/end-math symbol since I think
you left one out. Proceed, with fingers crossed.

! Missing $ inserted.
<inserted text> 
                $
l.1065 
       
I've inserted a begin-math/end-math symbol since I think
you left one out. Proceed, with fingers crossed.

! Missing $ inserted.
<inserted text> 
                $
l.1068 
       
I've inserted a begin-math/end-math symbol since I think
you left one out. Proceed, with fingers crossed.

<figure/unnamed-chunk-18-18.pdf, id=206, 505.89pt x 505.89pt>
File: figure/unnamed-chunk-18-18.pdf Graphic file (type pdf)

<use figure/unnamed-chunk-18-18.pdf>
Package pdftex.def Info: figure/unnamed-chunk-18-18.pdf used on input line 1070
.
(pdftex.def)             Requested size: 505.88875pt x 505.89645pt.

! Missing $ inserted.
<inserted text> 
                $
l.1073 
       
I've inserted a begin-math/end-math symbol since I think
you left one out. Proceed, with fingers crossed.


Overfull \hbox (35.09418pt too wide) in paragraph at lines 1070--1073
[][] $\OML/cmm/m/it/10 rowInd\OT1/cmr/m/n/10 [1]12$ 
 []

[32 <./figure/unnamed-chunk-18-17.pdf>]
! Missing $ inserted.
<inserted text> 
                $
l.1076 
       
I've inserted a begin-math/end-math symbol since I think
you left one out. Proceed, with fingers crossed.

! Missing $ inserted.
<inserted text> 
                $
l.1079 
       
I've inserted a begin-math/end-math symbol since I think
you left one out. Proceed, with fingers crossed.

! Missing $ inserted.
<inserted text> 
                $
l.1082 
       
I've inserted a begin-math/end-math symbol since I think
you left one out. Proceed, with fingers crossed.

<figure/unnamed-chunk-18-19.pdf, id=215, 505.89pt x 505.89pt>
File: figure/unnamed-chunk-18-19.pdf Graphic file (type pdf)

<use figure/unnamed-chunk-18-19.pdf>
Package pdftex.def Info: figure/unnamed-chunk-18-19.pdf used on input line 1084
.
(pdftex.def)             Requested size: 505.88875pt x 505.89645pt.

! Missing $ inserted.
<inserted text> 
                $
l.1087 
       
I've inserted a begin-math/end-math symbol since I think
you left one out. Proceed, with fingers crossed.


Overfull \hbox (35.09418pt too wide) in paragraph at lines 1084--1087
[][] $\OML/cmm/m/it/10 rowInd\OT1/cmr/m/n/10 [1]12$ 
 []

[33 <./figure/unnamed-chunk-18-18.pdf>]
! Missing $ inserted.
<inserted text> 
                $
l.1090 
       
I've inserted a begin-math/end-math symbol since I think
you left one out. Proceed, with fingers crossed.

! Missing $ inserted.
<inserted text> 
                $
l.1093 
       
I've inserted a begin-math/end-math symbol since I think
you left one out. Proceed, with fingers crossed.

! Missing $ inserted.
<inserted text> 
                $
l.1096 
       
I've inserted a begin-math/end-math symbol since I think
you left one out. Proceed, with fingers crossed.

<figure/unnamed-chunk-18-20.pdf, id=224, 505.89pt x 505.89pt>
File: figure/unnamed-chunk-18-20.pdf Graphic file (type pdf)

<use figure/unnamed-chunk-18-20.pdf>
Package pdftex.def Info: figure/unnamed-chunk-18-20.pdf used on input line 1098
.
(pdftex.def)             Requested size: 505.88875pt x 505.89645pt.

! Missing $ inserted.
<inserted text> 
                $
l.1101 
       
I've inserted a begin-math/end-math symbol since I think
you left one out. Proceed, with fingers crossed.


Overfull \hbox (35.09418pt too wide) in paragraph at lines 1098--1101
[][] $\OML/cmm/m/it/10 rowInd\OT1/cmr/m/n/10 [1]12$ 
 []

[34 <./figure/unnamed-chunk-18-19.pdf>]
! Missing $ inserted.
<inserted text> 
                $
l.1104 
       
I've inserted a begin-math/end-math symbol since I think
you left one out. Proceed, with fingers crossed.

! Missing $ inserted.
<inserted text> 
                $
l.1107 
       
I've inserted a begin-math/end-math symbol since I think
you left one out. Proceed, with fingers crossed.

! Missing $ inserted.
<inserted text> 
                $
l.1110 
       
I've inserted a begin-math/end-math symbol since I think
you left one out. Proceed, with fingers crossed.

<figure/unnamed-chunk-18-21.pdf, id=233, 505.89pt x 505.89pt>
File: figure/unnamed-chunk-18-21.pdf Graphic file (type pdf)

<use figure/unnamed-chunk-18-21.pdf>
Package pdftex.def Info: figure/unnamed-chunk-18-21.pdf used on input line 1112
.
(pdftex.def)             Requested size: 505.88875pt x 505.89645pt.

! Missing $ inserted.
<inserted text> 
                $
l.1115 
       
I've inserted a begin-math/end-math symbol since I think
you left one out. Proceed, with fingers crossed.


Overfull \hbox (50.09422pt too wide) in paragraph at lines 1112--1115
[][] $\OML/cmm/m/it/10 rowInd\OT1/cmr/m/n/10 [1]12345$ 
 []

[35 <./figure/unnamed-chunk-18-20.pdf>]
! Missing $ inserted.
<inserted text> 
                $
l.1118 
       
I've inserted a begin-math/end-math symbol since I think
you left one out. Proceed, with fingers crossed.

! Missing $ inserted.
<inserted text> 
                $
l.1121 
       
I've inserted a begin-math/end-math symbol since I think
you left one out. Proceed, with fingers crossed.

! Missing $ inserted.
<inserted text> 
                $
l.1124 
       
I've inserted a begin-math/end-math symbol since I think
you left one out. Proceed, with fingers crossed.

<figure/unnamed-chunk-18-22.pdf, id=242, 505.89pt x 505.89pt>
File: figure/unnamed-chunk-18-22.pdf Graphic file (type pdf)

<use figure/unnamed-chunk-18-22.pdf>
Package pdftex.def Info: figure/unnamed-chunk-18-22.pdf used on input line 1126
.
(pdftex.def)             Requested size: 505.88875pt x 505.89645pt.

! Missing $ inserted.
<inserted text> 
                $
l.1129 
       
I've inserted a begin-math/end-math symbol since I think
you left one out. Proceed, with fingers crossed.


Overfull \hbox (50.09422pt too wide) in paragraph at lines 1126--1129
[][] $\OML/cmm/m/it/10 rowInd\OT1/cmr/m/n/10 [1]12345$ 
 []

[36 <./figure/unnamed-chunk-18-21.pdf>]
! Missing $ inserted.
<inserted text> 
                $
l.1132 
       
I've inserted a begin-math/end-math symbol since I think
you left one out. Proceed, with fingers crossed.

! Missing $ inserted.
<inserted text> 
                $
l.1135 
       
I've inserted a begin-math/end-math symbol since I think
you left one out. Proceed, with fingers crossed.

! Missing $ inserted.
<inserted text> 
                $
l.1138 
       
I've inserted a begin-math/end-math symbol since I think
you left one out. Proceed, with fingers crossed.

<figure/unnamed-chunk-18-23.pdf, id=251, 505.89pt x 505.89pt>
File: figure/unnamed-chunk-18-23.pdf Graphic file (type pdf)

<use figure/unnamed-chunk-18-23.pdf>
Package pdftex.def Info: figure/unnamed-chunk-18-23.pdf used on input line 1140
.
(pdftex.def)             Requested size: 505.88875pt x 505.89645pt.

! Missing $ inserted.
<inserted text> 
                $
l.1143 
       
I've inserted a begin-math/end-math symbol since I think
you left one out. Proceed, with fingers crossed.


Overfull \hbox (50.09422pt too wide) in paragraph at lines 1140--1143
[][] $\OML/cmm/m/it/10 rowInd\OT1/cmr/m/n/10 [1]12345$ 
 []

[37 <./figure/unnamed-chunk-18-22.pdf>]
! Missing $ inserted.
<inserted text> 
                $
l.1146 
       
I've inserted a begin-math/end-math symbol since I think
you left one out. Proceed, with fingers crossed.

! Missing $ inserted.
<inserted text> 
                $
l.1149 
       
I've inserted a begin-math/end-math symbol since I think
you left one out. Proceed, with fingers crossed.

! Missing $ inserted.
<inserted text> 
                $
l.1152 
       
I've inserted a begin-math/end-math symbol since I think
you left one out. Proceed, with fingers crossed.

<figure/unnamed-chunk-18-24.pdf, id=261, 505.89pt x 505.89pt>
File: figure/unnamed-chunk-18-24.pdf Graphic file (type pdf)

<use figure/unnamed-chunk-18-24.pdf>
Package pdftex.def Info: figure/unnamed-chunk-18-24.pdf used on input line 1154
.
(pdftex.def)             Requested size: 505.88875pt x 505.89645pt.

! Missing $ inserted.
<inserted text> 
                $
l.1157 
       
I've inserted a begin-math/end-math symbol since I think
you left one out. Proceed, with fingers crossed.


Overfull \hbox (50.09422pt too wide) in paragraph at lines 1154--1157
[][] $\OML/cmm/m/it/10 rowInd\OT1/cmr/m/n/10 [1]12345$ 
 []

[38 <./figure/unnamed-chunk-18-23.pdf>]
! Missing $ inserted.
<inserted text> 
                $
l.1160 
       
I've inserted a begin-math/end-math symbol since I think
you left one out. Proceed, with fingers crossed.

! Missing $ inserted.
<inserted text> 
                $
l.1163 
       
I've inserted a begin-math/end-math symbol since I think
you left one out. Proceed, with fingers crossed.

! Missing $ inserted.
<inserted text> 
                $
l.1166 
       
I've inserted a begin-math/end-math symbol since I think
you left one out. Proceed, with fingers crossed.

<figure/unnamed-chunk-18-25.pdf, id=270, 505.89pt x 505.89pt>
File: figure/unnamed-chunk-18-25.pdf Graphic file (type pdf)

<use figure/unnamed-chunk-18-25.pdf>
Package pdftex.def Info: figure/unnamed-chunk-18-25.pdf used on input line 1168
.
(pdftex.def)             Requested size: 505.88875pt x 505.89645pt.

! Missing $ inserted.
<inserted text> 
                $
l.1171 
       
I've inserted a begin-math/end-math symbol since I think
you left one out. Proceed, with fingers crossed.


Overfull \hbox (50.09422pt too wide) in paragraph at lines 1168--1171
[][] $\OML/cmm/m/it/10 rowInd\OT1/cmr/m/n/10 [1]12345$ 
 []

[39 <./figure/unnamed-chunk-18-24.pdf>]
! Missing $ inserted.
<inserted text> 
                $
l.1174 
       
I've inserted a begin-math/end-math symbol since I think
you left one out. Proceed, with fingers crossed.

! Missing $ inserted.
<inserted text> 
                $
l.1177 
       
I've inserted a begin-math/end-math symbol since I think
you left one out. Proceed, with fingers crossed.

! Missing $ inserted.
<inserted text> 
                $
l.1180 
       
I've inserted a begin-math/end-math symbol since I think
you left one out. Proceed, with fingers crossed.

<figure/unnamed-chunk-18-26.pdf, id=279, 505.89pt x 505.89pt>
File: figure/unnamed-chunk-18-26.pdf Graphic file (type pdf)

<use figure/unnamed-chunk-18-26.pdf>
Package pdftex.def Info: figure/unnamed-chunk-18-26.pdf used on input line 1182
.
(pdftex.def)             Requested size: 505.88875pt x 505.89645pt.

! Missing $ inserted.
<inserted text> 
                $
l.1185 
       
I've inserted a begin-math/end-math symbol since I think
you left one out. Proceed, with fingers crossed.


Overfull \hbox (50.09422pt too wide) in paragraph at lines 1182--1185
[][] $\OML/cmm/m/it/10 rowInd\OT1/cmr/m/n/10 [1]12345$ 
 []

[40 <./figure/unnamed-chunk-18-25.pdf>]
! Missing $ inserted.
<inserted text> 
                $
l.1188 
       
I've inserted a begin-math/end-math symbol since I think
you left one out. Proceed, with fingers crossed.

! Missing $ inserted.
<inserted text> 
                $
l.1191 
       
I've inserted a begin-math/end-math symbol since I think
you left one out. Proceed, with fingers crossed.

! Missing $ inserted.
<inserted text> 
                $
l.1194 
       
I've inserted a begin-math/end-math symbol since I think
you left one out. Proceed, with fingers crossed.

<figure/unnamed-chunk-18-27.pdf, id=288, 505.89pt x 505.89pt>
File: figure/unnamed-chunk-18-27.pdf Graphic file (type pdf)

<use figure/unnamed-chunk-18-27.pdf>
Package pdftex.def Info: figure/unnamed-chunk-18-27.pdf used on input line 1196
.
(pdftex.def)             Requested size: 505.88875pt x 505.89645pt.

! Missing $ inserted.
<inserted text> 
                $
l.1199 
       
I've inserted a begin-math/end-math symbol since I think
you left one out. Proceed, with fingers crossed.


Overfull \hbox (50.09422pt too wide) in paragraph at lines 1196--1199
[][] $\OML/cmm/m/it/10 rowInd\OT1/cmr/m/n/10 [1]12345$ 
 []

[41 <./figure/unnamed-chunk-18-26.pdf>]
! Missing $ inserted.
<inserted text> 
                $
l.1202 
       
I've inserted a begin-math/end-math symbol since I think
you left one out. Proceed, with fingers crossed.

! Missing $ inserted.
<inserted text> 
                $
l.1205 
       
I've inserted a begin-math/end-math symbol since I think
you left one out. Proceed, with fingers crossed.

! Missing $ inserted.
<inserted text> 
                $
l.1208 
       
I've inserted a begin-math/end-math symbol since I think
you left one out. Proceed, with fingers crossed.

<figure/unnamed-chunk-18-28.pdf, id=297, 505.89pt x 505.89pt>
File: figure/unnamed-chunk-18-28.pdf Graphic file (type pdf)

<use figure/unnamed-chunk-18-28.pdf>
Package pdftex.def Info: figure/unnamed-chunk-18-28.pdf used on input line 1210
.
(pdftex.def)             Requested size: 505.88875pt x 505.89645pt.

! Missing $ inserted.
<inserted text> 
                $
l.1213 
       
I've inserted a begin-math/end-math symbol since I think
you left one out. Proceed, with fingers crossed.


Overfull \hbox (50.09422pt too wide) in paragraph at lines 1210--1213
[][] $\OML/cmm/m/it/10 rowInd\OT1/cmr/m/n/10 [1]12345$ 
 []

[42 <./figure/unnamed-chunk-18-27.pdf>]
! Missing $ inserted.
<inserted text> 
                $
l.1216 
       
I've inserted a begin-math/end-math symbol since I think
you left one out. Proceed, with fingers crossed.

! Missing $ inserted.
<inserted text> 
                $
l.1219 
       
I've inserted a begin-math/end-math symbol since I think
you left one out. Proceed, with fingers crossed.

! Missing $ inserted.
<inserted text> 
                $
l.1222 
       
I've inserted a begin-math/end-math symbol since I think
you left one out. Proceed, with fingers crossed.

<figure/unnamed-chunk-18-29.pdf, id=306, 505.89pt x 505.89pt>
File: figure/unnamed-chunk-18-29.pdf Graphic file (type pdf)

<use figure/unnamed-chunk-18-29.pdf>
Package pdftex.def Info: figure/unnamed-chunk-18-29.pdf used on input line 1224
.
(pdftex.def)             Requested size: 505.88875pt x 505.89645pt.

! Missing $ inserted.
<inserted text> 
                $
l.1227 
       
I've inserted a begin-math/end-math symbol since I think
you left one out. Proceed, with fingers crossed.


Overfull \hbox (50.09422pt too wide) in paragraph at lines 1224--1227
[][] $\OML/cmm/m/it/10 rowInd\OT1/cmr/m/n/10 [1]12345$ 
 []

[43 <./figure/unnamed-chunk-18-28.pdf>]
! Missing $ inserted.
<inserted text> 
                $
l.1230 
       
I've inserted a begin-math/end-math symbol since I think
you left one out. Proceed, with fingers crossed.

! Missing $ inserted.
<inserted text> 
                $
l.1233 
       
I've inserted a begin-math/end-math symbol since I think
you left one out. Proceed, with fingers crossed.

! Missing $ inserted.
<inserted text> 
                $
l.1236 
       
I've inserted a begin-math/end-math symbol since I think
you left one out. Proceed, with fingers crossed.

<figure/unnamed-chunk-18-30.pdf, id=316, 505.89pt x 505.89pt>
File: figure/unnamed-chunk-18-30.pdf Graphic file (type pdf)

<use figure/unnamed-chunk-18-30.pdf>
Package pdftex.def Info: figure/unnamed-chunk-18-30.pdf used on input line 1238
.
(pdftex.def)             Requested size: 505.88875pt x 505.89645pt.

! Missing $ inserted.
<inserted text> 
                $
l.1241 
       
I've inserted a begin-math/end-math symbol since I think
you left one out. Proceed, with fingers crossed.


Overfull \hbox (50.09422pt too wide) in paragraph at lines 1238--1241
[][] $\OML/cmm/m/it/10 rowInd\OT1/cmr/m/n/10 [1]12345$ 
 []

[44 <./figure/unnamed-chunk-18-29.pdf>]
! Missing $ inserted.
<inserted text> 
                $
l.1244 
       
I've inserted a begin-math/end-math symbol since I think
you left one out. Proceed, with fingers crossed.

! Missing $ inserted.
<inserted text> 
                $
l.1247 
       
I've inserted a begin-math/end-math symbol since I think
you left one out. Proceed, with fingers crossed.

! Missing $ inserted.
<inserted text> 
                $
l.1250 
       
I've inserted a begin-math/end-math symbol since I think
you left one out. Proceed, with fingers crossed.

<figure/unnamed-chunk-18-31.pdf, id=326, 505.89pt x 505.89pt>
File: figure/unnamed-chunk-18-31.pdf Graphic file (type pdf)

<use figure/unnamed-chunk-18-31.pdf>
Package pdftex.def Info: figure/unnamed-chunk-18-31.pdf used on input line 1252
.
(pdftex.def)             Requested size: 505.88875pt x 505.89645pt.

! Missing $ inserted.
<inserted text> 
                $
l.1255 
       
I've inserted a begin-math/end-math symbol since I think
you left one out. Proceed, with fingers crossed.


Overfull \hbox (45.09421pt too wide) in paragraph at lines 1252--1255
[][] $\OML/cmm/m/it/10 rowInd\OT1/cmr/m/n/10 [1]1234$ 
 []

[45 <./figure/unnamed-chunk-18-30.pdf>]
! Missing $ inserted.
<inserted text> 
                $
l.1258 
       
I've inserted a begin-math/end-math symbol since I think
you left one out. Proceed, with fingers crossed.

! Missing $ inserted.
<inserted text> 
                $
l.1261 
       
I've inserted a begin-math/end-math symbol since I think
you left one out. Proceed, with fingers crossed.

! Missing $ inserted.
<inserted text> 
                $
l.1264 
       
I've inserted a begin-math/end-math symbol since I think
you left one out. Proceed, with fingers crossed.

<figure/unnamed-chunk-18-32.pdf, id=335, 505.89pt x 505.89pt>
File: figure/unnamed-chunk-18-32.pdf Graphic file (type pdf)

<use figure/unnamed-chunk-18-32.pdf>
Package pdftex.def Info: figure/unnamed-chunk-18-32.pdf used on input line 1266
.
(pdftex.def)             Requested size: 505.88875pt x 505.89645pt.

! Missing $ inserted.
<inserted text> 
                $
l.1269 
       
I've inserted a begin-math/end-math symbol since I think
you left one out. Proceed, with fingers crossed.


Overfull \hbox (45.09421pt too wide) in paragraph at lines 1266--1269
[][] $\OML/cmm/m/it/10 rowInd\OT1/cmr/m/n/10 [1]1234$ 
 []

[46 <./figure/unnamed-chunk-18-31.pdf>]
! Missing $ inserted.
<inserted text> 
                $
l.1272 
       
I've inserted a begin-math/end-math symbol since I think
you left one out. Proceed, with fingers crossed.

! Missing $ inserted.
<inserted text> 
                $
l.1275 
       
I've inserted a begin-math/end-math symbol since I think
you left one out. Proceed, with fingers crossed.

! Missing $ inserted.
<inserted text> 
                $
l.1278 
       
I've inserted a begin-math/end-math symbol since I think
you left one out. Proceed, with fingers crossed.

<figure/unnamed-chunk-18-33.pdf, id=344, 505.89pt x 505.89pt>
File: figure/unnamed-chunk-18-33.pdf Graphic file (type pdf)

<use figure/unnamed-chunk-18-33.pdf>
Package pdftex.def Info: figure/unnamed-chunk-18-33.pdf used on input line 1280
.
(pdftex.def)             Requested size: 505.88875pt x 505.89645pt.

! Missing $ inserted.
<inserted text> 
                $
l.1283 
       
I've inserted a begin-math/end-math symbol since I think
you left one out. Proceed, with fingers crossed.


Overfull \hbox (45.09421pt too wide) in paragraph at lines 1280--1283
[][] $\OML/cmm/m/it/10 rowInd\OT1/cmr/m/n/10 [1]1234$ 
 []

[47 <./figure/unnamed-chunk-18-32.pdf>]
! Missing $ inserted.
<inserted text> 
                $
l.1286 
       
I've inserted a begin-math/end-math symbol since I think
you left one out. Proceed, with fingers crossed.

! Missing $ inserted.
<inserted text> 
                $
l.1289 
       
I've inserted a begin-math/end-math symbol since I think
you left one out. Proceed, with fingers crossed.

! Missing $ inserted.
<inserted text> 
                $
l.1292 
       
I've inserted a begin-math/end-math symbol since I think
you left one out. Proceed, with fingers crossed.

<figure/unnamed-chunk-18-34.pdf, id=353, 505.89pt x 505.89pt>
File: figure/unnamed-chunk-18-34.pdf Graphic file (type pdf)

<use figure/unnamed-chunk-18-34.pdf>
Package pdftex.def Info: figure/unnamed-chunk-18-34.pdf used on input line 1294
.
(pdftex.def)             Requested size: 505.88875pt x 505.89645pt.

! Missing $ inserted.
<inserted text> 
                $
l.1297 
       
I've inserted a begin-math/end-math symbol since I think
you left one out. Proceed, with fingers crossed.


Overfull \hbox (45.09421pt too wide) in paragraph at lines 1294--1297
[][] $\OML/cmm/m/it/10 rowInd\OT1/cmr/m/n/10 [1]1234$ 
 []

[48 <./figure/unnamed-chunk-18-33.pdf>]
! Missing $ inserted.
<inserted text> 
                $
l.1300 
       
I've inserted a begin-math/end-math symbol since I think
you left one out. Proceed, with fingers crossed.

! Missing $ inserted.
<inserted text> 
                $
l.1303 
       
I've inserted a begin-math/end-math symbol since I think
you left one out. Proceed, with fingers crossed.

! Missing $ inserted.
<inserted text> 
                $
l.1306 
       
I've inserted a begin-math/end-math symbol since I think
you left one out. Proceed, with fingers crossed.

<figure/unnamed-chunk-18-35.pdf, id=362, 505.89pt x 505.89pt>
File: figure/unnamed-chunk-18-35.pdf Graphic file (type pdf)

<use figure/unnamed-chunk-18-35.pdf>
Package pdftex.def Info: figure/unnamed-chunk-18-35.pdf used on input line 1308
.
(pdftex.def)             Requested size: 505.88875pt x 505.89645pt.

! Missing $ inserted.
<inserted text> 
                $
l.1311 
       
I've inserted a begin-math/end-math symbol since I think
you left one out. Proceed, with fingers crossed.


Overfull \hbox (45.09421pt too wide) in paragraph at lines 1308--1311
[][] $\OML/cmm/m/it/10 rowInd\OT1/cmr/m/n/10 [1]1234$ 
 []

[49 <./figure/unnamed-chunk-18-34.pdf>]
! Missing $ inserted.
<inserted text> 
                $
l.1314 
       
I've inserted a begin-math/end-math symbol since I think
you left one out. Proceed, with fingers crossed.

! Missing $ inserted.
<inserted text> 
                $
l.1317 
       
I've inserted a begin-math/end-math symbol since I think
you left one out. Proceed, with fingers crossed.

! Missing $ inserted.
<inserted text> 
                $
l.1320 
       
I've inserted a begin-math/end-math symbol since I think
you left one out. Proceed, with fingers crossed.

<figure/unnamed-chunk-18-36.pdf, id=372, 505.89pt x 505.89pt>
File: figure/unnamed-chunk-18-36.pdf Graphic file (type pdf)

<use figure/unnamed-chunk-18-36.pdf>
Package pdftex.def Info: figure/unnamed-chunk-18-36.pdf used on input line 1322
.
(pdftex.def)             Requested size: 505.88875pt x 505.89645pt.

! Missing $ inserted.
<inserted text> 
                $
l.1325 
       
I've inserted a begin-math/end-math symbol since I think
you left one out. Proceed, with fingers crossed.


Overfull \hbox (45.09421pt too wide) in paragraph at lines 1322--1325
[][] $\OML/cmm/m/it/10 rowInd\OT1/cmr/m/n/10 [1]1234$ 
 []

[50 <./figure/unnamed-chunk-18-35.pdf>]
! Missing $ inserted.
<inserted text> 
                $
l.1328 
       
I've inserted a begin-math/end-math symbol since I think
you left one out. Proceed, with fingers crossed.

! Missing $ inserted.
<inserted text> 
                $
l.1331 
       
I've inserted a begin-math/end-math symbol since I think
you left one out. Proceed, with fingers crossed.

! Missing $ inserted.
<inserted text> 
                $
l.1334 
       
I've inserted a begin-math/end-math symbol since I think
you left one out. Proceed, with fingers crossed.

<figure/unnamed-chunk-18-37.pdf, id=381, 505.89pt x 505.89pt>
File: figure/unnamed-chunk-18-37.pdf Graphic file (type pdf)

<use figure/unnamed-chunk-18-37.pdf>
Package pdftex.def Info: figure/unnamed-chunk-18-37.pdf used on input line 1336
.
(pdftex.def)             Requested size: 505.88875pt x 505.89645pt.

! Missing $ inserted.
<inserted text> 
                $
l.1339 
       
I've inserted a begin-math/end-math symbol since I think
you left one out. Proceed, with fingers crossed.


Overfull \hbox (45.09421pt too wide) in paragraph at lines 1336--1339
[][] $\OML/cmm/m/it/10 rowInd\OT1/cmr/m/n/10 [1]1234$ 
 []

[51 <./figure/unnamed-chunk-18-36.pdf>]
! Missing $ inserted.
<inserted text> 
                $
l.1342 
       
I've inserted a begin-math/end-math symbol since I think
you left one out. Proceed, with fingers crossed.

! Missing $ inserted.
<inserted text> 
                $
l.1345 
       
I've inserted a begin-math/end-math symbol since I think
you left one out. Proceed, with fingers crossed.

! Missing $ inserted.
<inserted text> 
                $
l.1348 
       
I've inserted a begin-math/end-math symbol since I think
you left one out. Proceed, with fingers crossed.

<figure/unnamed-chunk-18-38.pdf, id=390, 505.89pt x 505.89pt>
File: figure/unnamed-chunk-18-38.pdf Graphic file (type pdf)

<use figure/unnamed-chunk-18-38.pdf>
Package pdftex.def Info: figure/unnamed-chunk-18-38.pdf used on input line 1350
.
(pdftex.def)             Requested size: 505.88875pt x 505.89645pt.

! Missing $ inserted.
<inserted text> 
                $
l.1353 
       
I've inserted a begin-math/end-math symbol since I think
you left one out. Proceed, with fingers crossed.


Overfull \hbox (45.09421pt too wide) in paragraph at lines 1350--1353
[][] $\OML/cmm/m/it/10 rowInd\OT1/cmr/m/n/10 [1]1234$ 
 []

[52 <./figure/unnamed-chunk-18-37.pdf>]
! Missing $ inserted.
<inserted text> 
                $
l.1356 
       
I've inserted a begin-math/end-math symbol since I think
you left one out. Proceed, with fingers crossed.

! Missing $ inserted.
<inserted text> 
                $
l.1359 
       
I've inserted a begin-math/end-math symbol since I think
you left one out. Proceed, with fingers crossed.

! Missing $ inserted.
<inserted text> 
                $
l.1362 
       
I've inserted a begin-math/end-math symbol since I think
you left one out. Proceed, with fingers crossed.

<figure/unnamed-chunk-18-39.pdf, id=399, 505.89pt x 505.89pt>
File: figure/unnamed-chunk-18-39.pdf Graphic file (type pdf)

<use figure/unnamed-chunk-18-39.pdf>
Package pdftex.def Info: figure/unnamed-chunk-18-39.pdf used on input line 1364
.
(pdftex.def)             Requested size: 505.88875pt x 505.89645pt.

! Missing $ inserted.
<inserted text> 
                $
l.1367 
       
I've inserted a begin-math/end-math symbol since I think
you left one out. Proceed, with fingers crossed.


Overfull \hbox (45.09421pt too wide) in paragraph at lines 1364--1367
[][] $\OML/cmm/m/it/10 rowInd\OT1/cmr/m/n/10 [1]1234$ 
 []

[53 <./figure/unnamed-chunk-18-38.pdf>]
! Missing $ inserted.
<inserted text> 
                $
l.1370 
       
I've inserted a begin-math/end-math symbol since I think
you left one out. Proceed, with fingers crossed.

! Missing $ inserted.
<inserted text> 
                $
l.1373 
       
I've inserted a begin-math/end-math symbol since I think
you left one out. Proceed, with fingers crossed.

! Missing $ inserted.
<inserted text> 
                $
l.1376 
       
I've inserted a begin-math/end-math symbol since I think
you left one out. Proceed, with fingers crossed.

<figure/unnamed-chunk-18-40.pdf, id=408, 505.89pt x 505.89pt>
File: figure/unnamed-chunk-18-40.pdf Graphic file (type pdf)

<use figure/unnamed-chunk-18-40.pdf>
Package pdftex.def Info: figure/unnamed-chunk-18-40.pdf used on input line 1378
.
(pdftex.def)             Requested size: 505.88875pt x 505.89645pt.

! Missing $ inserted.
<inserted text> 
                $
l.1381 
       
I've inserted a begin-math/end-math symbol since I think
you left one out. Proceed, with fingers crossed.


Overfull \hbox (45.09421pt too wide) in paragraph at lines 1378--1381
[][] $\OML/cmm/m/it/10 rowInd\OT1/cmr/m/n/10 [1]1234$ 
 []

[54 <./figure/unnamed-chunk-18-39.pdf>]
! Missing $ inserted.
<inserted text> 
                $
l.1384 
       
I've inserted a begin-math/end-math symbol since I think
you left one out. Proceed, with fingers crossed.

! Missing $ inserted.
<inserted text> 
                $
l.1387 
       
I've inserted a begin-math/end-math symbol since I think
you left one out. Proceed, with fingers crossed.

! Missing $ inserted.
<inserted text> 
                $
l.1390 
       
I've inserted a begin-math/end-math symbol since I think
you left one out. Proceed, with fingers crossed.

[55 <./figure/unnamed-chunk-18-40.pdf>] [56] (./Analysis.aux) ) 
Here is how much of TeX's memory you used:
 3088 strings out of 493014
 46307 string characters out of 6133351
 205874 words of memory out of 5000000
 6540 multiletter control sequences out of 15000+600000
 9023 words of font info for 33 fonts, out of 8000000 for 9000
 1141 hyphenation exceptions out of 8191
 38i,12n,23p,647b,253s stack positions out of 5000i,500n,10000p,200000b,80000s
</usr/local/texl
ive/2016/texmf-dist/fonts/type1/public/amsfonts/cm/cmbx10.pfb></usr/local/texli
ve/2016/texmf-dist/fonts/type1/public/amsfonts/cm/cmbx12.pfb></usr/local/texliv
e/2016/texmf-dist/fonts/type1/public/amsfonts/cm/cmmi10.pfb></usr/local/texlive
/2016/texmf-dist/fonts/type1/public/amsfonts/cm/cmr10.pfb></usr/local/texlive/2
016/texmf-dist/fonts/type1/public/amsfonts/cm/cmr12.pfb></usr/local/texlive/201
6/texmf-dist/fonts/type1/public/amsfonts/cm/cmr17.pfb></usr/local/texlive/2016/
texmf-dist/fonts/type1/public/amsfonts/cm/cmr7.pfb>
Output written on Analysis.pdf (56 pages, 290895 bytes).
PDF statistics:
 456 PDF objects out of 1000 (max. 8388607)
 307 compressed objects within 4 object streams
 0 named destinations out of 1000 (max. 500000)
 201 words of extra memory for PDF output out of 10000 (max. 10000000)

